[0m07:19:42.324660 [debug] [MainThread]: Sending event: {'category': 'dbt', 'action': 'invocation', 'label': 'start', 'context': [<snowplow_tracker.self_describing_json.SelfDescribingJson object at 0x76316ae62ae0>, <snowplow_tracker.self_describing_json.SelfDescribingJson object at 0x76316b5c21e0>, <snowplow_tracker.self_describing_json.SelfDescribingJson object at 0x76316b7660c0>]}


============================== 07:19:42.334999 | ccbb3ca5-c4b2-4493-9158-24b45963a5fc ==============================
[0m07:19:42.334999 [info ] [MainThread]: Running with dbt=1.8.4
[0m07:19:42.339438 [debug] [MainThread]: running dbt with arguments {'printer_width': '80', 'indirect_selection': 'eager', 'log_cache_events': 'False', 'write_json': 'True', 'partial_parse': 'True', 'cache_selected_only': 'False', 'profiles_dir': '/home/codespace/.dbt', 'version_check': 'True', 'debug': 'False', 'log_path': 'logs', 'fail_fast': 'False', 'warn_error': 'None', 'use_colors': 'True', 'use_experimental_parser': 'False', 'no_print': 'None', 'quiet': 'False', 'empty': 'None', 'warn_error_options': 'WarnErrorOptions(include=[], exclude=[])', 'introspect': 'True', 'log_format': 'default', 'static_parser': 'True', 'target_path': 'None', 'invocation_command': 'dbt init', 'send_anonymous_usage_stats': 'True'}
[0m07:19:42.358470 [warn ] [MainThread]: [ConfigFolderDirectory]: Unable to parse logging event dictionary. Failed to parse dir field: expected string or bytes-like object, got 'PosixPath'.. Dictionary: {'dir': PosixPath('/home/codespace/.dbt')}
[0m07:19:42.360924 [info ] [MainThread]: Creating dbt configuration folder at 
[0m07:19:52.298054 [debug] [MainThread]: Starter project path: /usr/local/python/3.12.1/lib/python3.12/site-packages/dbt/include/starter_project
[0m07:19:52.302815 [info ] [MainThread]: 
Your new dbt project "nyc_weather" was created!

For more information on how to configure the profiles.yml file,
please consult the dbt documentation here:

  https://docs.getdbt.com/docs/configure-your-profile

One more thing:

Need help? Don't hesitate to reach out to us via GitHub issues or on Slack:

  https://community.getdbt.com/

Happy modeling!

[0m07:19:52.303481 [info ] [MainThread]: Setting up your profile.
[0m07:19:52.304589 [error] [MainThread]: Encountered an error:
Runtime Error
  No adapters available. Learn how to install an adapter by going to https://docs.getdbt.com/docs/connect-adapters#install-using-the-cli
[0m07:19:52.308267 [debug] [MainThread]: Resource report: {"command_name": "init", "command_wall_clock_time": 10.109801, "process_user_time": 1.637488, "process_kernel_time": 0.215763, "process_mem_max_rss": "86468", "process_in_blocks": "27192", "process_out_blocks": "72", "command_success": false}
[0m07:19:52.309624 [debug] [MainThread]: Command `dbt init` failed at 07:19:52.309468 after 10.11 seconds
[0m07:19:52.310983 [debug] [MainThread]: Sending event: {'category': 'dbt', 'action': 'invocation', 'label': 'end', 'context': [<snowplow_tracker.self_describing_json.SelfDescribingJson object at 0x76316b8f6840>, <snowplow_tracker.self_describing_json.SelfDescribingJson object at 0x76316be70b90>, <snowplow_tracker.self_describing_json.SelfDescribingJson object at 0x76316aabc140>]}
[0m07:19:52.311757 [debug] [MainThread]: Flushing usage events
[0m08:48:39.270867 [debug] [MainThread]: Sending event: {'category': 'dbt', 'action': 'invocation', 'label': 'start', 'context': [<snowplow_tracker.self_describing_json.SelfDescribingJson object at 0x70666efe8c80>, <snowplow_tracker.self_describing_json.SelfDescribingJson object at 0x70666f3251f0>, <snowplow_tracker.self_describing_json.SelfDescribingJson object at 0x7066704324e0>]}


============================== 08:48:39.281687 | 68a7d93e-9a21-4819-bf12-0b374030cbef ==============================
[0m08:48:39.281687 [info ] [MainThread]: Running with dbt=1.8.4
[0m08:48:39.282774 [debug] [MainThread]: running dbt with arguments {'printer_width': '80', 'indirect_selection': 'eager', 'log_cache_events': 'False', 'write_json': 'True', 'partial_parse': 'True', 'cache_selected_only': 'False', 'profiles_dir': '/home/codespace/.dbt', 'version_check': 'True', 'debug': 'False', 'log_path': 'logs', 'warn_error': 'None', 'fail_fast': 'False', 'use_colors': 'True', 'use_experimental_parser': 'False', 'no_print': 'None', 'quiet': 'False', 'empty': 'None', 'warn_error_options': 'WarnErrorOptions(include=[], exclude=[])', 'introspect': 'True', 'invocation_command': 'dbt debug', 'static_parser': 'True', 'target_path': 'None', 'log_format': 'default', 'send_anonymous_usage_stats': 'True'}
[0m08:48:39.303657 [info ] [MainThread]: dbt version: 1.8.4
[0m08:48:39.304691 [info ] [MainThread]: python version: 3.12.1
[0m08:48:39.305766 [info ] [MainThread]: python path: /usr/local/python/3.12.1/bin/python3
[0m08:48:39.306606 [info ] [MainThread]: os info: Linux-6.5.0-1025-azure-x86_64-with-glibc2.31
[0m08:48:39.307464 [info ] [MainThread]: Using profiles dir at /home/codespace/.dbt
[0m08:48:39.308299 [info ] [MainThread]: Using profiles.yml file at /home/codespace/.dbt/profiles.yml
[0m08:48:39.308978 [info ] [MainThread]: Using dbt_project.yml file at /workspaces/dbt-snowflake/dbt_project.yml
[0m08:48:39.309749 [info ] [MainThread]: Configuration:
[0m08:48:39.310441 [info ] [MainThread]:   profiles.yml file [[31mERROR not found[0m]
[0m08:48:39.311926 [info ] [MainThread]:   dbt_project.yml file [[31mERROR not found[0m]
[0m08:48:39.312549 [info ] [MainThread]: Required dependencies:
[0m08:48:39.313137 [debug] [MainThread]: Executing "git --help"
[0m08:48:39.318479 [debug] [MainThread]: STDOUT: "b"usage: git [-v | --version] [-h | --help] [-C <path>] [-c <name>=<value>]\n           [--exec-path[=<path>]] [--html-path] [--man-path] [--info-path]\n           [-p | --paginate | -P | --no-pager] [--no-replace-objects] [--no-lazy-fetch]\n           [--no-optional-locks] [--no-advice] [--bare] [--git-dir=<path>]\n           [--work-tree=<path>] [--namespace=<name>] [--config-env=<name>=<envvar>]\n           <command> [<args>]\n\nThese are common Git commands used in various situations:\n\nstart a working area (see also: git help tutorial)\n   clone     Clone a repository into a new directory\n   init      Create an empty Git repository or reinitialize an existing one\n\nwork on the current change (see also: git help everyday)\n   add       Add file contents to the index\n   mv        Move or rename a file, a directory, or a symlink\n   restore   Restore working tree files\n   rm        Remove files from the working tree and from the index\n\nexamine the history and state (see also: git help revisions)\n   bisect    Use binary search to find the commit that introduced a bug\n   diff      Show changes between commits, commit and working tree, etc\n   grep      Print lines matching a pattern\n   log       Show commit logs\n   show      Show various types of objects\n   status    Show the working tree status\n\ngrow, mark and tweak your common history\n   branch    List, create, or delete branches\n   commit    Record changes to the repository\n   merge     Join two or more development histories together\n   rebase    Reapply commits on top of another base tip\n   reset     Reset current HEAD to the specified state\n   switch    Switch branches\n   tag       Create, list, delete or verify a tag object signed with GPG\n\ncollaborate (see also: git help workflows)\n   fetch     Download objects and refs from another repository\n   pull      Fetch from and integrate with another repository or a local branch\n   push      Update remote refs along with associated objects\n\n'git help -a' and 'git help -g' list available subcommands and some\nconcept guides. See 'git help <command>' or 'git help <concept>'\nto read about a specific subcommand or concept.\nSee 'git help git' for an overview of the system.\n""
[0m08:48:39.319936 [debug] [MainThread]: STDERR: "b''"
[0m08:48:39.320955 [info ] [MainThread]:  - git [[32mOK found[0m]

[0m08:48:39.321995 [info ] [MainThread]: Connection test skipped since no profile was found
[0m08:48:39.323947 [info ] [MainThread]: [31m2 checks failed:[0m
[0m08:48:39.324661 [info ] [MainThread]: dbt looked for a profiles.yml file in /home/codespace/.dbt/profiles.yml, but did
not find one. For more information on configuring your profile, consult the
documentation:

https://docs.getdbt.com/docs/configure-your-profile


[0m08:48:39.326931 [info ] [MainThread]: Project loading failed for the following reason:
 project path </workspaces/dbt-snowflake/dbt_project.yml> not found

[0m08:48:39.329956 [debug] [MainThread]: Resource report: {"command_name": "debug", "command_wall_clock_time": 0.19665049, "process_user_time": 1.690637, "process_kernel_time": 0.467874, "process_mem_max_rss": "86672", "process_in_blocks": "98632", "process_out_blocks": "24", "command_success": false}
[0m08:48:39.330907 [debug] [MainThread]: Command `dbt debug` failed at 08:48:39.330766 after 0.20 seconds
[0m08:48:39.331618 [debug] [MainThread]: Sending event: {'category': 'dbt', 'action': 'invocation', 'label': 'end', 'context': [<snowplow_tracker.self_describing_json.SelfDescribingJson object at 0x70666e3f9df0>, <snowplow_tracker.self_describing_json.SelfDescribingJson object at 0x70666e41f410>, <snowplow_tracker.self_describing_json.SelfDescribingJson object at 0x70666e441790>]}
[0m08:48:39.332428 [debug] [MainThread]: Flushing usage events
